
  .   ____          _            __ _ _
 /\\ / ___'_ __ _ _(_)_ __  __ _ \ \ \ \
( ( )\___ | '_ | '_| | '_ \/ _` | \ \ \ \
 \\/  ___)| |_)| | | | | || (_| |  ) ) ) )
  '  |____| .__|_| |_|_| |_\__, | / / / /
 =========|_|==============|___/=/_/_/_/
 :: Spring Boot ::        (v2.3.9.RELEASE)

2021-03-02 16:23:17.842  INFO 37273 --- [           main] SpringCloudStarterGatewayDemoApplication : No active profile set, falling back to default profiles: default
2021-03-02 16:23:19.803  WARN 37273 --- [           main] o.s.boot.actuate.endpoint.EndpointId     : Endpoint ID 'service-registry' contains invalid characters, please migrate to a valid format.
2021-03-02 16:23:20.145  INFO 37273 --- [           main] o.s.cloud.context.scope.GenericScope     : BeanFactory id=4dd45540-d9ca-348e-9f25-1f8848b8ed7b
2021-03-02 16:23:20.405  INFO 37273 --- [           main] trationDelegate$BeanPostProcessorChecker : Bean 'org.springframework.cloud.client.loadbalancer.reactive.LoadBalancerBeanPostProcessorAutoConfiguration' of type [org.springframework.cloud.client.loadbalancer.reactive.LoadBalancerBeanPostProcessorAutoConfiguration] is not eligible for getting processed by all BeanPostProcessors (for example: not eligible for auto-proxying)
2021-03-02 16:23:20.407  INFO 37273 --- [           main] trationDelegate$BeanPostProcessorChecker : Bean 'org.springframework.cloud.client.loadbalancer.reactive.LoadBalancerBeanPostProcessorAutoConfiguration$ReactiveLoadBalancerConfig' of type [org.springframework.cloud.client.loadbalancer.reactive.LoadBalancerBeanPostProcessorAutoConfiguration$ReactiveLoadBalancerConfig] is not eligible for getting processed by all BeanPostProcessors (for example: not eligible for auto-proxying)
2021-03-02 16:23:20.410  INFO 37273 --- [           main] trationDelegate$BeanPostProcessorChecker : Bean 'deferringLoadBalancerExchangeFilterFunction' of type [org.springframework.cloud.client.loadbalancer.reactive.DeferringLoadBalancerExchangeFilterFunction] is not eligible for getting processed by all BeanPostProcessors (for example: not eligible for auto-proxying)
2021-03-02 16:23:20.712  WARN 37273 --- [           main] c.n.c.sources.URLConfigurationSource     : No URLs will be polled as dynamic configuration sources.
2021-03-02 16:23:20.712  INFO 37273 --- [           main] c.n.c.sources.URLConfigurationSource     : To enable URLs as dynamic configuration sources, define System property archaius.configurationSource.additionalUrls or make config.properties available on classpath.
2021-03-02 16:23:20.727  WARN 37273 --- [           main] c.n.c.sources.URLConfigurationSource     : No URLs will be polled as dynamic configuration sources.
2021-03-02 16:23:20.727  INFO 37273 --- [           main] c.n.c.sources.URLConfigurationSource     : To enable URLs as dynamic configuration sources, define System property archaius.configurationSource.additionalUrls or make config.properties available on classpath.
2021-03-02 16:23:20.870  INFO 37273 --- [           main] DiscoveryClientOptionalArgsConfiguration : Eureka HTTP Client uses Jersey
2021-03-02 16:23:22.421  INFO 37273 --- [           main] o.s.c.g.r.RouteDefinitionRouteLocator    : Loaded RoutePredicateFactory [After]
2021-03-02 16:23:22.422  INFO 37273 --- [           main] o.s.c.g.r.RouteDefinitionRouteLocator    : Loaded RoutePredicateFactory [Before]
2021-03-02 16:23:22.422  INFO 37273 --- [           main] o.s.c.g.r.RouteDefinitionRouteLocator    : Loaded RoutePredicateFactory [Between]
2021-03-02 16:23:22.422  INFO 37273 --- [           main] o.s.c.g.r.RouteDefinitionRouteLocator    : Loaded RoutePredicateFactory [Cookie]
2021-03-02 16:23:22.422  INFO 37273 --- [           main] o.s.c.g.r.RouteDefinitionRouteLocator    : Loaded RoutePredicateFactory [Header]
2021-03-02 16:23:22.422  INFO 37273 --- [           main] o.s.c.g.r.RouteDefinitionRouteLocator    : Loaded RoutePredicateFactory [Host]
2021-03-02 16:23:22.422  INFO 37273 --- [           main] o.s.c.g.r.RouteDefinitionRouteLocator    : Loaded RoutePredicateFactory [Method]
2021-03-02 16:23:22.422  INFO 37273 --- [           main] o.s.c.g.r.RouteDefinitionRouteLocator    : Loaded RoutePredicateFactory [Path]
2021-03-02 16:23:22.422  INFO 37273 --- [           main] o.s.c.g.r.RouteDefinitionRouteLocator    : Loaded RoutePredicateFactory [Query]
2021-03-02 16:23:22.423  INFO 37273 --- [           main] o.s.c.g.r.RouteDefinitionRouteLocator    : Loaded RoutePredicateFactory [ReadBody]
2021-03-02 16:23:22.423  INFO 37273 --- [           main] o.s.c.g.r.RouteDefinitionRouteLocator    : Loaded RoutePredicateFactory [RemoteAddr]
2021-03-02 16:23:22.423  INFO 37273 --- [           main] o.s.c.g.r.RouteDefinitionRouteLocator    : Loaded RoutePredicateFactory [Weight]
2021-03-02 16:23:22.423  INFO 37273 --- [           main] o.s.c.g.r.RouteDefinitionRouteLocator    : Loaded RoutePredicateFactory [CloudFoundryRouteService]
2021-03-02 16:23:22.934  INFO 37273 --- [           main] o.s.b.a.e.web.EndpointLinksResolver      : Exposing 18 endpoint(s) beneath base path '/actuator'
2021-03-02 16:23:23.298  WARN 37273 --- [           main] ockingLoadBalancerClientRibbonWarnLogger : You already have RibbonLoadBalancerClient on your classpath. It will be used by default. As Spring Cloud Ribbon is in maintenance mode. We recommend switching to BlockingLoadBalancerClient instead. In order to use it, set the value of `spring.cloud.loadbalancer.ribbon.enabled` to `false` or remove spring-cloud-starter-netflix-ribbon from your project.
2021-03-02 16:23:23.320  WARN 37273 --- [           main] eactorLoadBalancerClientRibbonWarnLogger : You have RibbonLoadBalancerClient on your classpath. LoadBalancerExchangeFilterFunction that uses it under the hood will be used by default. Spring Cloud Ribbon is now in maintenance mode, so we suggest switching to ReactorLoadBalancerExchangeFilterFunction instead. In order to use it, set the value of `spring.cloud.loadbalancer.ribbon.enabled` to `false` or remove spring-cloud-starter-netflix-ribbon from your project.
2021-03-02 16:23:23.418  INFO 37273 --- [           main] o.s.c.n.eureka.InstanceInfoFactory       : Setting initial instance status as: STARTING
2021-03-02 16:23:23.574  INFO 37273 --- [           main] com.netflix.discovery.DiscoveryClient    : Initializing Eureka in region us-east-1
2021-03-02 16:23:23.931  INFO 37273 --- [           main] c.n.d.provider.DiscoveryJerseyProvider   : Using JSON encoding codec LegacyJacksonJson
2021-03-02 16:23:23.932  INFO 37273 --- [           main] c.n.d.provider.DiscoveryJerseyProvider   : Using JSON decoding codec LegacyJacksonJson
2021-03-02 16:23:24.262  INFO 37273 --- [           main] c.n.d.provider.DiscoveryJerseyProvider   : Using XML encoding codec XStreamXml
2021-03-02 16:23:24.262  INFO 37273 --- [           main] c.n.d.provider.DiscoveryJerseyProvider   : Using XML decoding codec XStreamXml
2021-03-02 16:23:24.721  INFO 37273 --- [           main] c.n.d.s.r.aws.ConfigClusterResolver      : Resolving eureka endpoints via configuration
2021-03-02 16:23:24.766  INFO 37273 --- [           main] com.netflix.discovery.DiscoveryClient    : Disable delta property : false
2021-03-02 16:23:24.766  INFO 37273 --- [           main] com.netflix.discovery.DiscoveryClient    : Single vip registry refresh property : null
2021-03-02 16:23:24.767  INFO 37273 --- [           main] com.netflix.discovery.DiscoveryClient    : Force full registry fetch : false
2021-03-02 16:23:24.767  INFO 37273 --- [           main] com.netflix.discovery.DiscoveryClient    : Application is null : false
2021-03-02 16:23:24.767  INFO 37273 --- [           main] com.netflix.discovery.DiscoveryClient    : Registered Applications size is zero : true
2021-03-02 16:23:24.768  INFO 37273 --- [           main] com.netflix.discovery.DiscoveryClient    : Application version is -1: true
2021-03-02 16:23:24.768  INFO 37273 --- [           main] com.netflix.discovery.DiscoveryClient    : Getting all instance registry info from the eureka server
2021-03-02 16:23:25.393  INFO 37273 --- [           main] com.netflix.discovery.DiscoveryClient    : The response status is 200
2021-03-02 16:23:25.398  INFO 37273 --- [           main] com.netflix.discovery.DiscoveryClient    : Starting heartbeat executor: renew interval is: 30
2021-03-02 16:23:25.403  INFO 37273 --- [           main] c.n.discovery.InstanceInfoReplicator     : InstanceInfoReplicator onDemand update allowed rate per min is 4
2021-03-02 16:23:25.409  INFO 37273 --- [           main] com.netflix.discovery.DiscoveryClient    : Discovery Client initialized at timestamp 1614673405407 with initial instances count: 0
2021-03-02 16:23:25.411  INFO 37273 --- [           main] o.s.c.n.e.s.EurekaServiceRegistry        : Registering application GATEWAY-DEMO with eureka with status UP
2021-03-02 16:23:25.412  INFO 37273 --- [           main] com.netflix.discovery.DiscoveryClient    : Saw local status change event StatusChangeEvent [timestamp=1614673405412, current=UP, previous=STARTING]
2021-03-02 16:23:25.419  INFO 37273 --- [nfoReplicator-0] com.netflix.discovery.DiscoveryClient    : DiscoveryClient_GATEWAY-DEMO/127.0.0.1:gateway-demo:5555:v1.0.0: registering service...
2021-03-02 16:23:25.993  INFO 37273 --- [nfoReplicator-0] com.netflix.discovery.DiscoveryClient    : DiscoveryClient_GATEWAY-DEMO/127.0.0.1:gateway-demo:5555:v1.0.0 - registration status: 204
2021-03-02 16:23:26.036  INFO 37273 --- [           main] o.s.b.web.embedded.netty.NettyWebServer  : Netty started on port(s): 5555
2021-03-02 16:23:26.038  INFO 37273 --- [           main] .s.c.n.e.s.EurekaAutoServiceRegistration : Updating port to 5555
2021-03-02 16:23:26.084  INFO 37273 --- [           main] SpringCloudStarterGatewayDemoApplication : Started SpringCloudStarterGatewayDemoApplication in 10.599 seconds (JVM running for 11.798)
2021-03-02 16:23:55.400  INFO 37273 --- [freshExecutor-0] com.netflix.discovery.DiscoveryClient    : Disable delta property : false
2021-03-02 16:23:55.400  INFO 37273 --- [freshExecutor-0] com.netflix.discovery.DiscoveryClient    : Single vip registry refresh property : null
2021-03-02 16:23:55.400  INFO 37273 --- [freshExecutor-0] com.netflix.discovery.DiscoveryClient    : Force full registry fetch : false
2021-03-02 16:23:55.400  INFO 37273 --- [freshExecutor-0] com.netflix.discovery.DiscoveryClient    : Application is null : false
2021-03-02 16:23:55.401  INFO 37273 --- [freshExecutor-0] com.netflix.discovery.DiscoveryClient    : Registered Applications size is zero : true
2021-03-02 16:23:55.401  INFO 37273 --- [freshExecutor-0] com.netflix.discovery.DiscoveryClient    : Application version is -1: false
2021-03-02 16:23:55.401  INFO 37273 --- [freshExecutor-0] com.netflix.discovery.DiscoveryClient    : Getting all instance registry info from the eureka server
2021-03-02 16:23:55.561  INFO 37273 --- [freshExecutor-0] com.netflix.discovery.DiscoveryClient    : The response status is 200
2021-03-02 16:24:44.697  INFO 37273 --- [ctor-http-nio-4] c.netflix.config.ChainedDynamicProperty  : Flipping property: DEMO1.ribbon.ActiveConnectionsLimit to use NEXT property: niws.loadbalancer.availabilityFilteringRule.activeConnectionsLimit = 2147483647
2021-03-02 16:24:44.836  INFO 37273 --- [ctor-http-nio-4] c.n.u.concurrent.ShutdownEnabledTimer    : Shutdown hook installed for: NFLoadBalancer-PingTimer-DEMO1
2021-03-02 16:24:44.836  INFO 37273 --- [ctor-http-nio-4] c.netflix.loadbalancer.BaseLoadBalancer  : Client: DEMO1 instantiated a LoadBalancer: DynamicServerListLoadBalancer:{NFLoadBalancer:name=DEMO1,current list of Servers=[],Load balancer stats=Zone stats: {},Server stats: []}ServerList:null
2021-03-02 16:24:44.856  INFO 37273 --- [ctor-http-nio-4] c.n.l.DynamicServerListLoadBalancer      : Using serverListUpdater PollingServerListUpdater
2021-03-02 16:24:44.938  INFO 37273 --- [ctor-http-nio-4] c.netflix.config.ChainedDynamicProperty  : Flipping property: DEMO1.ribbon.ActiveConnectionsLimit to use NEXT property: niws.loadbalancer.availabilityFilteringRule.activeConnectionsLimit = 2147483647
2021-03-02 16:24:44.941  INFO 37273 --- [ctor-http-nio-4] c.n.l.DynamicServerListLoadBalancer      : DynamicServerListLoadBalancer for client DEMO1 initialized: DynamicServerListLoadBalancer:{NFLoadBalancer:name=DEMO1,current list of Servers=[127.0.0.1:8421],Load balancer stats=Zone stats: {defaultzone=[Zone:defaultzone;	Instance count:1;	Active connections count: 0;	Circuit breaker tripped count: 0;	Active connections per server: 0.0;]
},Server stats: [[Server:127.0.0.1:8421;	Zone:defaultZone;	Total Requests:0;	Successive connection failure:0;	Total blackout seconds:0;	Last connection made:Thu Jan 01 08:00:00 CST 1970;	First connection made: Thu Jan 01 08:00:00 CST 1970;	Active Connections:0;	total failure count in last (1000) msecs:0;	average resp time:0.0;	90 percentile resp time:0.0;	95 percentile resp time:0.0;	min resp time:0.0;	max resp time:0.0;	stddev resp time:0.0]
]}ServerList:org.springframework.cloud.netflix.ribbon.eureka.DomainExtractingServerList@5b0c1b82
2021-03-02 16:24:45.864  INFO 37273 --- [erListUpdater-0] c.netflix.config.ChainedDynamicProperty  : Flipping property: DEMO1.ribbon.ActiveConnectionsLimit to use NEXT property: niws.loadbalancer.availabilityFilteringRule.activeConnectionsLimit = 2147483647
2021-03-02 16:25:04.420  INFO 37273 --- [ctor-http-nio-2] c.netflix.config.ChainedDynamicProperty  : Flipping property: DEMO2.ribbon.ActiveConnectionsLimit to use NEXT property: niws.loadbalancer.availabilityFilteringRule.activeConnectionsLimit = 2147483647
2021-03-02 16:25:04.446  INFO 37273 --- [ctor-http-nio-2] c.n.u.concurrent.ShutdownEnabledTimer    : Shutdown hook installed for: NFLoadBalancer-PingTimer-DEMO2
2021-03-02 16:25:04.451  INFO 37273 --- [ctor-http-nio-2] c.netflix.loadbalancer.BaseLoadBalancer  : Client: DEMO2 instantiated a LoadBalancer: DynamicServerListLoadBalancer:{NFLoadBalancer:name=DEMO2,current list of Servers=[],Load balancer stats=Zone stats: {},Server stats: []}ServerList:null
2021-03-02 16:25:04.456  INFO 37273 --- [ctor-http-nio-2] c.n.l.DynamicServerListLoadBalancer      : Using serverListUpdater PollingServerListUpdater
2021-03-02 16:25:04.460  INFO 37273 --- [ctor-http-nio-2] c.netflix.config.ChainedDynamicProperty  : Flipping property: DEMO2.ribbon.ActiveConnectionsLimit to use NEXT property: niws.loadbalancer.availabilityFilteringRule.activeConnectionsLimit = 2147483647
2021-03-02 16:25:04.466  INFO 37273 --- [ctor-http-nio-2] c.n.l.DynamicServerListLoadBalancer      : DynamicServerListLoadBalancer for client DEMO2 initialized: DynamicServerListLoadBalancer:{NFLoadBalancer:name=DEMO2,current list of Servers=[127.0.0.1:1039],Load balancer stats=Zone stats: {defaultzone=[Zone:defaultzone;	Instance count:1;	Active connections count: 0;	Circuit breaker tripped count: 0;	Active connections per server: 0.0;]
},Server stats: [[Server:127.0.0.1:1039;	Zone:defaultZone;	Total Requests:0;	Successive connection failure:0;	Total blackout seconds:0;	Last connection made:Thu Jan 01 08:00:00 CST 1970;	First connection made: Thu Jan 01 08:00:00 CST 1970;	Active Connections:0;	total failure count in last (1000) msecs:0;	average resp time:0.0;	90 percentile resp time:0.0;	95 percentile resp time:0.0;	min resp time:0.0;	max resp time:0.0;	stddev resp time:0.0]
]}ServerList:org.springframework.cloud.netflix.ribbon.eureka.DomainExtractingServerList@5ca42e60
2021-03-02 16:25:05.458  INFO 37273 --- [erListUpdater-0] c.netflix.config.ChainedDynamicProperty  : Flipping property: DEMO2.ribbon.ActiveConnectionsLimit to use NEXT property: niws.loadbalancer.availabilityFilteringRule.activeConnectionsLimit = 2147483647
